<?xml version="1.0" encoding="UTF-8"?>
<!-- Generated by org.testng.reporters.JUnitReportReporter -->
<testsuite hostname="DESKTOP-CPSCNVK" failures="0" tests="1" name="Amazon_Add_to_cart.Assignment3_Amazon_Assertion" time="30.092" errors="0" timestamp="2025-05-07T11:50:11 IST" skipped="0">
  <testcase classname="Amazon_Add_to_cart.Assignment3_Amazon_Assertion" name="verifyItemAddedToCart" time="30.092"/>
</testsuite> <!-- Amazon_Add_to_cart.Assignment3_Amazon_Assertion -->
